<?xml version="1.0" encoding="UTF-8"?>
<!-- Generated by org.testng.reporters.JUnitReportReporter -->
<testsuite hostname="A4O1M5DMPNJ0AZF" failures="0" tests="2" name="com.essa.testSuite.Test_Login" time="5.211" errors="0" timestamp="13 8æœˆ 2018 02:10:12 GMT" skipped="0">
  <testcase classname="com.essa.testSuite.Test_Login" name="login" time="2.333"/>
  <testcase classname="com.essa.testSuite.Test_Login" name="login" time="2.878"/>
</testsuite> <!-- com.essa.testSuite.Test_Login -->
