<?xml version="1.0" encoding="UTF-8"?>
<!-- Generated by org.testng.reporters.JUnitReportReporter -->
<testsuite hostname="A4O1M5DMPNJ0AZF" failures="0" tests="1" name="com.essa.testSuite.TestProductInquiry" time="15.888" errors="0" timestamp="03 9æœˆ 2018 08:28:53 GMT" skipped="0">
  <testcase classname="com.essa.testSuite.TestProductInquiry" name="productInquiry" time="15.888"/>
</testsuite> <!-- com.essa.testSuite.TestProductInquiry -->
