<?xml version="1.0" encoding="UTF-8"?>
<!-- Generated by org.testng.reporters.JUnitReportReporter -->
<testsuite hostname="A4O1M5DMPNJ0AZF" failures="0" tests="1" name="com.buyer.testSuite.TestRegister" time="10.873" errors="0" timestamp="31 8æœˆ 2018 09:14:09 GMT" skipped="0">
  <testcase classname="com.buyer.testSuite.TestRegister" name="register" time="10.873"/>
</testsuite> <!-- com.buyer.testSuite.TestRegister -->
